<?xml version="1.0" encoding="UTF-8" ?>
<testsuite tests="1" failures="0" name="sample.test.test.AppTest" time="0.042" errors="0" skipped="0">
  <properties>
    <property name="java.runtime.name" value="Java(TM) SE Runtime Environment"/>
    <property name="sun.boot.library.path" value="D:\Java\bin"/>
    <property name="java.vm.version" value="25.181-b13"/>
    <property name="java.vm.vendor" value="Oracle Corporation"/>
    <property name="java.vendor.url" value="http://java.oracle.com/"/>
    <property name="path.separator" value=";"/>
    <property name="java.vm.name" value="Java HotSpot(TM) 64-Bit Server VM"/>
    <property name="file.encoding.pkg" value="sun.io"/>
    <property name="user.script" value=""/>
    <property name="user.country" value="US"/>
    <property name="sun.java.launcher" value="SUN_STANDARD"/>
    <property name="sun.os.patch.level" value=""/>
    <property name="java.vm.specification.name" value="Java Virtual Machine Specification"/>
    <property name="user.dir" value="D:\DOCTIGER114IPProject\DocTigerSlingWorkspace\DocTigerSlingNew (3)\DocTigerSlingNew"/>
    <property name="java.runtime.version" value="1.8.0_181-b13"/>
    <property name="java.awt.graphicsenv" value="sun.awt.Win32GraphicsEnvironment"/>
    <property name="basedir" value="D:\DOCTIGER114IPProject\DocTigerSlingWorkspace\DocTigerSlingNew (3)\DocTigerSlingNew"/>
    <property name="java.endorsed.dirs" value="D:\Java\lib\endorsed"/>
    <property name="os.arch" value="amd64"/>
    <property name="surefire.real.class.path" value="D:\DOCTIGER114IPProject\DocTigerSlingWorkspace\DocTigerSlingNew (3)\DocTigerSlingNew\target\surefire\surefirebooter7229976733592356944.jar"/>
    <property name="java.io.tmpdir" value="C:\Users\user\AppData\Local\Temp\"/>
    <property name="line.separator" value="
"/>
    <property name="java.vm.specification.vendor" value="Oracle Corporation"/>
    <property name="user.variant" value=""/>
    <property name="os.name" value="Windows 7"/>
    <property name="sun.jnu.encoding" value="Cp1252"/>
    <property name="java.library.path" value="D:\Java\bin;C:\Windows\Sun\Java\bin;C:\Windows\system32;C:\Windows;D:/Java/bin/server;D:/Java/bin;D:/Java/lib/amd64;C:\Program Files (x86)\Common Files\Oracle\Java\javapath;C:\Windows\system32;C:\Windows;C:\Windows\System32\Wbem;C:\Windows\System32\WindowsPowerShell\v1.0\;D:\apache-maven-3.3.9-bin\apache-maven-3.3.9\bin;C:\Program Files\PuTTY\;D:\tomcat8\bin;C:\Program Files\Java\jdk1.8.0_181\bin;C:\Program Files\Java\jdk1.8.0_181\bin;D:\apache-maven-3.3.9-bin\apache-maven-3.3.9\bin;;C:\Users\user\AppData\Local\Programs\Microsoft VS Code\bin;C:\Windows\system32;;."/>
    <property name="surefire.test.class.path" value="D:\DOCTIGER114IPProject\DocTigerSlingWorkspace\DocTigerSlingNew (3)\DocTigerSlingNew\target\test-classes;D:\DOCTIGER114IPProject\DocTigerSlingWorkspace\DocTigerSlingNew (3)\DocTigerSlingNew\target\classes;C:\Users\user\.m2\repository\net\sourceforge\jexcelapi\jxl\2.6\jxl-2.6.jar;C:\Users\user\.m2\repository\org\apache\jackrabbit\jackrabbit-jcr-server\2.2.8\jackrabbit-jcr-server-2.2.8.jar;C:\Users\user\.m2\repository\org\apache\jackrabbit\jackrabbit-jcr-commons\2.2.8\jackrabbit-jcr-commons-2.2.8.jar;C:\Users\user\.m2\repository\org\apache\tika\tika-core\0.8\tika-core-0.8.jar;C:\Users\user\.m2\repository\org\slf4j\slf4j-api\1.5.2\slf4j-api-1.5.2.jar;C:\Users\user\.m2\repository\org\apache\jackrabbit\jackrabbit-webdav\2.2.8\jackrabbit-webdav-2.2.8.jar;C:\Users\user\.m2\repository\commons-httpclient\commons-httpclient\3.0\commons-httpclient-3.0.jar;C:\Users\user\.m2\repository\junit\junit\4.10\junit-4.10.jar;C:\Users\user\.m2\repository\org\hamcrest\hamcrest-core\1.1\hamcrest-core-1.1.jar;C:\Users\user\.m2\repository\org\slf4j\jcl-over-slf4j\1.5.11\jcl-over-slf4j-1.5.11.jar;C:\Users\user\.m2\repository\org\apache\felix\org.apache.felix.scr.annotations\1.6.0\org.apache.felix.scr.annotations-1.6.0.jar;C:\Users\user\.m2\repository\javax\servlet\servlet-api\2.4\servlet-api-2.4.jar;C:\Users\user\.m2\repository\org\apache\sling\org.apache.sling.jcr.jackrabbit.server\2.1.0\org.apache.sling.jcr.jackrabbit.server-2.1.0.jar;C:\Users\user\.m2\repository\org\apache\sling\org.apache.sling.jcr.base\2.1.0\org.apache.sling.jcr.base-2.1.0.jar;C:\Users\user\.m2\repository\org\apache\jackrabbit\jackrabbit-core\2.1.1\jackrabbit-core-2.1.1.jar;C:\Users\user\.m2\repository\concurrent\concurrent\1.3.4\concurrent-1.3.4.jar;C:\Users\user\.m2\repository\commons-collections\commons-collections\3.2.1\commons-collections-3.2.1.jar;C:\Users\user\.m2\repository\commons-dbcp\commons-dbcp\1.2.2\commons-dbcp-1.2.2.jar;C:\Users\user\.m2\repository\commons-pool\commons-pool\1.3\commons-pool-1.3.jar;C:\Users\user\.m2\repository\org\apache\jackrabbit\jackrabbit-api\2.1.1\jackrabbit-api-2.1.1.jar;C:\Users\user\.m2\repository\org\apache\jackrabbit\jackrabbit-spi-commons\2.1.1\jackrabbit-spi-commons-2.1.1.jar;C:\Users\user\.m2\repository\org\apache\jackrabbit\jackrabbit-spi\2.1.1\jackrabbit-spi-2.1.1.jar;C:\Users\user\.m2\repository\org\apache\tika\tika-parsers\0.6\tika-parsers-0.6.jar;C:\Users\user\.m2\repository\org\apache\commons\commons-compress\1.0\commons-compress-1.0.jar;C:\Users\user\.m2\repository\org\apache\geronimo\specs\geronimo-stax-api_1.0_spec\1.0.1\geronimo-stax-api_1.0_spec-1.0.1.jar;C:\Users\user\.m2\repository\org\ccil\cowan\tagsoup\tagsoup\1.2\tagsoup-1.2.jar;C:\Users\user\.m2\repository\log4j\log4j\1.2.14\log4j-1.2.14.jar;C:\Users\user\.m2\repository\com\drewnoakes\metadata-extractor\2.4.0-beta-1\metadata-extractor-2.4.0-beta-1.jar;C:\Users\user\.m2\repository\org\apache\pdfbox\pdfbox\1.0.0\pdfbox-1.0.0.jar;C:\Users\user\.m2\repository\org\apache\pdfbox\fontbox\1.0.0\fontbox-1.0.0.jar;C:\Users\user\.m2\repository\org\apache\pdfbox\jempbox\1.0.0\jempbox-1.0.0.jar;C:\Users\user\.m2\repository\org\apache\lucene\lucene-core\2.4.1\lucene-core-2.4.1.jar;C:\Users\user\.m2\repository\org\apache\derby\derby\10.5.3.0_1\derby-10.5.3.0_1.jar;C:\Users\user\.m2\repository\org\apache\sling\org.apache.sling.api\2.1.0\org.apache.sling.api-2.1.0.jar;C:\Users\user\.m2\repository\org\apache\sling\org.apache.sling.jcr.api\2.1.0\org.apache.sling.jcr.api-2.1.0.jar;C:\Users\user\.m2\repository\org\apache\sling\org.apache.sling.scripting.api\2.1.0\org.apache.sling.scripting.api-2.1.0.jar;C:\Users\user\.m2\repository\org\livetribe\livetribe-jsr223\2.0.6\livetribe-jsr223-2.0.6.jar;C:\Users\user\.m2\repository\org\apache\sling\org.apache.sling.commons.json\2.0.6\org.apache.sling.commons.json-2.0.6.jar;C:\Users\user\.m2\repository\org\osgi\org.osgi.core\4.1.0\org.osgi.core-4.1.0.jar;C:\Users\user\.m2\repository\org\osgi\org.osgi.compendium\4.1.0\org.osgi.compendium-4.1.0.jar;C:\Users\user\.m2\repository\javax\jcr\jcr\2.0\jcr-2.0.jar;C:\Users\user\.m2\repository\org\apache\sling\org.apache.sling.servlets.post\2.1.1-SNAPSHOT\org.apache.sling.servlets.post-2.1.1-SNAPSHOT.jar;C:\Users\user\.m2\repository\org\apache\sling\org.apache.sling.commons.osgi\2.0.6\org.apache.sling.commons.osgi-2.0.6.jar;C:\Users\user\.m2\repository\commons-fileupload\commons-fileupload\1.2.2\commons-fileupload-1.2.2.jar;C:\Users\user\.m2\repository\commons-io\commons-io\2.4\commons-io-2.4.jar;C:\Users\user\.m2\repository\org\jsoup\jsoup\1.6.1\jsoup-1.6.1.jar;C:\Users\user\.m2\repository\org\mongodb\mongo-java-driver\3.4.2\mongo-java-driver-3.4.2.jar;C:\Users\user\.m2\repository\org\apache\poi\poi\3.15\poi-3.15.jar;C:\Users\user\.m2\repository\commons-codec\commons-codec\1.10\commons-codec-1.10.jar;C:\Users\user\.m2\repository\org\apache\poi\poi-scratchpad\3.15\poi-scratchpad-3.15.jar;C:\Users\user\.m2\repository\org\apache\poi\poi-ooxml\3.15\poi-ooxml-3.15.jar;C:\Users\user\.m2\repository\com\github\virtuald\curvesapi\1.04\curvesapi-1.04.jar;C:\Users\user\.m2\repository\org\apache\poi\poi-ooxml-schemas\3.15\poi-ooxml-schemas-3.15.jar;C:\Users\user\.m2\repository\org\apache\xmlbeans\xmlbeans\2.6.0\xmlbeans-2.6.0.jar;C:\Users\user\.m2\repository\stax\stax-api\1.0.1\stax-api-1.0.1.jar;C:\Users\user\.m2\repository\org\apache\commons\commons-collections4\4.1\commons-collections4-4.1.jar;C:\Users\user\.m2\repository\com\sun\jersey\jersey-server\1.8\jersey-server-1.8.jar;C:\Users\user\.m2\repository\asm\asm\3.1\asm-3.1.jar;C:\Users\user\.m2\repository\com\sun\jersey\jersey-core\1.8\jersey-core-1.8.jar;C:\Users\user\.m2\repository\com\sun\jersey\jersey-client\1.18.1\jersey-client-1.18.1.jar;C:\Users\user\.m2\repository\javax\mail\mail\1.4\mail-1.4.jar;C:\Users\user\.m2\repository\javax\activation\activation\1.1\activation-1.1.jar;C:\Users\user\.m2\repository\mysql\mysql-connector-java\5.1.26\mysql-connector-java-5.1.26.jar;C:\Users\user\.m2\repository\net\iharder\base64\2.3.7\base64-2.3.7.jar;"/>
    <property name="java.specification.name" value="Java Platform API Specification"/>
    <property name="java.class.version" value="52.0"/>
    <property name="sun.management.compiler" value="HotSpot 64-Bit Tiered Compilers"/>
    <property name="os.version" value="6.1"/>
    <property name="user.home" value="C:\Users\user"/>
    <property name="user.timezone" value=""/>
    <property name="java.awt.printerjob" value="sun.awt.windows.WPrinterJob"/>
    <property name="java.specification.version" value="1.8"/>
    <property name="file.encoding" value="Cp1252"/>
    <property name="user.name" value="user"/>
    <property name="java.class.path" value="D:\DOCTIGER114IPProject\DocTigerSlingWorkspace\DocTigerSlingNew (3)\DocTigerSlingNew\target\test-classes;D:\DOCTIGER114IPProject\DocTigerSlingWorkspace\DocTigerSlingNew (3)\DocTigerSlingNew\target\classes;C:\Users\user\.m2\repository\net\sourceforge\jexcelapi\jxl\2.6\jxl-2.6.jar;C:\Users\user\.m2\repository\org\apache\jackrabbit\jackrabbit-jcr-server\2.2.8\jackrabbit-jcr-server-2.2.8.jar;C:\Users\user\.m2\repository\org\apache\jackrabbit\jackrabbit-jcr-commons\2.2.8\jackrabbit-jcr-commons-2.2.8.jar;C:\Users\user\.m2\repository\org\apache\tika\tika-core\0.8\tika-core-0.8.jar;C:\Users\user\.m2\repository\org\slf4j\slf4j-api\1.5.2\slf4j-api-1.5.2.jar;C:\Users\user\.m2\repository\org\apache\jackrabbit\jackrabbit-webdav\2.2.8\jackrabbit-webdav-2.2.8.jar;C:\Users\user\.m2\repository\commons-httpclient\commons-httpclient\3.0\commons-httpclient-3.0.jar;C:\Users\user\.m2\repository\junit\junit\4.10\junit-4.10.jar;C:\Users\user\.m2\repository\org\hamcrest\hamcrest-core\1.1\hamcrest-core-1.1.jar;C:\Users\user\.m2\repository\org\slf4j\jcl-over-slf4j\1.5.11\jcl-over-slf4j-1.5.11.jar;C:\Users\user\.m2\repository\org\apache\felix\org.apache.felix.scr.annotations\1.6.0\org.apache.felix.scr.annotations-1.6.0.jar;C:\Users\user\.m2\repository\javax\servlet\servlet-api\2.4\servlet-api-2.4.jar;C:\Users\user\.m2\repository\org\apache\sling\org.apache.sling.jcr.jackrabbit.server\2.1.0\org.apache.sling.jcr.jackrabbit.server-2.1.0.jar;C:\Users\user\.m2\repository\org\apache\sling\org.apache.sling.jcr.base\2.1.0\org.apache.sling.jcr.base-2.1.0.jar;C:\Users\user\.m2\repository\org\apache\jackrabbit\jackrabbit-core\2.1.1\jackrabbit-core-2.1.1.jar;C:\Users\user\.m2\repository\concurrent\concurrent\1.3.4\concurrent-1.3.4.jar;C:\Users\user\.m2\repository\commons-collections\commons-collections\3.2.1\commons-collections-3.2.1.jar;C:\Users\user\.m2\repository\commons-dbcp\commons-dbcp\1.2.2\commons-dbcp-1.2.2.jar;C:\Users\user\.m2\repository\commons-pool\commons-pool\1.3\commons-pool-1.3.jar;C:\Users\user\.m2\repository\org\apache\jackrabbit\jackrabbit-api\2.1.1\jackrabbit-api-2.1.1.jar;C:\Users\user\.m2\repository\org\apache\jackrabbit\jackrabbit-spi-commons\2.1.1\jackrabbit-spi-commons-2.1.1.jar;C:\Users\user\.m2\repository\org\apache\jackrabbit\jackrabbit-spi\2.1.1\jackrabbit-spi-2.1.1.jar;C:\Users\user\.m2\repository\org\apache\tika\tika-parsers\0.6\tika-parsers-0.6.jar;C:\Users\user\.m2\repository\org\apache\commons\commons-compress\1.0\commons-compress-1.0.jar;C:\Users\user\.m2\repository\org\apache\geronimo\specs\geronimo-stax-api_1.0_spec\1.0.1\geronimo-stax-api_1.0_spec-1.0.1.jar;C:\Users\user\.m2\repository\org\ccil\cowan\tagsoup\tagsoup\1.2\tagsoup-1.2.jar;C:\Users\user\.m2\repository\log4j\log4j\1.2.14\log4j-1.2.14.jar;C:\Users\user\.m2\repository\com\drewnoakes\metadata-extractor\2.4.0-beta-1\metadata-extractor-2.4.0-beta-1.jar;C:\Users\user\.m2\repository\org\apache\pdfbox\pdfbox\1.0.0\pdfbox-1.0.0.jar;C:\Users\user\.m2\repository\org\apache\pdfbox\fontbox\1.0.0\fontbox-1.0.0.jar;C:\Users\user\.m2\repository\org\apache\pdfbox\jempbox\1.0.0\jempbox-1.0.0.jar;C:\Users\user\.m2\repository\org\apache\lucene\lucene-core\2.4.1\lucene-core-2.4.1.jar;C:\Users\user\.m2\repository\org\apache\derby\derby\10.5.3.0_1\derby-10.5.3.0_1.jar;C:\Users\user\.m2\repository\org\apache\sling\org.apache.sling.api\2.1.0\org.apache.sling.api-2.1.0.jar;C:\Users\user\.m2\repository\org\apache\sling\org.apache.sling.jcr.api\2.1.0\org.apache.sling.jcr.api-2.1.0.jar;C:\Users\user\.m2\repository\org\apache\sling\org.apache.sling.scripting.api\2.1.0\org.apache.sling.scripting.api-2.1.0.jar;C:\Users\user\.m2\repository\org\livetribe\livetribe-jsr223\2.0.6\livetribe-jsr223-2.0.6.jar;C:\Users\user\.m2\repository\org\apache\sling\org.apache.sling.commons.json\2.0.6\org.apache.sling.commons.json-2.0.6.jar;C:\Users\user\.m2\repository\org\osgi\org.osgi.core\4.1.0\org.osgi.core-4.1.0.jar;C:\Users\user\.m2\repository\org\osgi\org.osgi.compendium\4.1.0\org.osgi.compendium-4.1.0.jar;C:\Users\user\.m2\repository\javax\jcr\jcr\2.0\jcr-2.0.jar;C:\Users\user\.m2\repository\org\apache\sling\org.apache.sling.servlets.post\2.1.1-SNAPSHOT\org.apache.sling.servlets.post-2.1.1-SNAPSHOT.jar;C:\Users\user\.m2\repository\org\apache\sling\org.apache.sling.commons.osgi\2.0.6\org.apache.sling.commons.osgi-2.0.6.jar;C:\Users\user\.m2\repository\commons-fileupload\commons-fileupload\1.2.2\commons-fileupload-1.2.2.jar;C:\Users\user\.m2\repository\commons-io\commons-io\2.4\commons-io-2.4.jar;C:\Users\user\.m2\repository\org\jsoup\jsoup\1.6.1\jsoup-1.6.1.jar;C:\Users\user\.m2\repository\org\mongodb\mongo-java-driver\3.4.2\mongo-java-driver-3.4.2.jar;C:\Users\user\.m2\repository\org\apache\poi\poi\3.15\poi-3.15.jar;C:\Users\user\.m2\repository\commons-codec\commons-codec\1.10\commons-codec-1.10.jar;C:\Users\user\.m2\repository\org\apache\poi\poi-scratchpad\3.15\poi-scratchpad-3.15.jar;C:\Users\user\.m2\repository\org\apache\poi\poi-ooxml\3.15\poi-ooxml-3.15.jar;C:\Users\user\.m2\repository\com\github\virtuald\curvesapi\1.04\curvesapi-1.04.jar;C:\Users\user\.m2\repository\org\apache\poi\poi-ooxml-schemas\3.15\poi-ooxml-schemas-3.15.jar;C:\Users\user\.m2\repository\org\apache\xmlbeans\xmlbeans\2.6.0\xmlbeans-2.6.0.jar;C:\Users\user\.m2\repository\stax\stax-api\1.0.1\stax-api-1.0.1.jar;C:\Users\user\.m2\repository\org\apache\commons\commons-collections4\4.1\commons-collections4-4.1.jar;C:\Users\user\.m2\repository\com\sun\jersey\jersey-server\1.8\jersey-server-1.8.jar;C:\Users\user\.m2\repository\asm\asm\3.1\asm-3.1.jar;C:\Users\user\.m2\repository\com\sun\jersey\jersey-core\1.8\jersey-core-1.8.jar;C:\Users\user\.m2\repository\com\sun\jersey\jersey-client\1.18.1\jersey-client-1.18.1.jar;C:\Users\user\.m2\repository\javax\mail\mail\1.4\mail-1.4.jar;C:\Users\user\.m2\repository\javax\activation\activation\1.1\activation-1.1.jar;C:\Users\user\.m2\repository\mysql\mysql-connector-java\5.1.26\mysql-connector-java-5.1.26.jar;C:\Users\user\.m2\repository\net\iharder\base64\2.3.7\base64-2.3.7.jar;"/>
    <property name="java.vm.specification.version" value="1.8"/>
    <property name="sun.arch.data.model" value="64"/>
    <property name="java.home" value="D:\Java"/>
    <property name="sun.java.command" value="D:\DOCTIGER114IPProject\DocTigerSlingWorkspace\DocTigerSlingNew (3)\DocTigerSlingNew\target\surefire\surefirebooter7229976733592356944.jar D:\DOCTIGER114IPProject\DocTigerSlingWorkspace\DocTigerSlingNew (3)\DocTigerSlingNew\target\surefire\surefire866271712020973373tmp D:\DOCTIGER114IPProject\DocTigerSlingWorkspace\DocTigerSlingNew (3)\DocTigerSlingNew\target\surefire\surefire4037402283903579248tmp"/>
    <property name="java.specification.vendor" value="Oracle Corporation"/>
    <property name="user.language" value="en"/>
    <property name="awt.toolkit" value="sun.awt.windows.WToolkit"/>
    <property name="java.vm.info" value="mixed mode"/>
    <property name="java.version" value="1.8.0_181"/>
    <property name="java.ext.dirs" value="D:\Java\lib\ext;C:\Windows\Sun\Java\lib\ext"/>
    <property name="sun.boot.class.path" value="D:\Java\lib\resources.jar;D:\Java\lib\rt.jar;D:\Java\lib\sunrsasign.jar;D:\Java\lib\jsse.jar;D:\Java\lib\jce.jar;D:\Java\lib\charsets.jar;D:\Java\lib\jfr.jar;D:\Java\classes"/>
    <property name="java.vendor" value="Oracle Corporation"/>
    <property name="localRepository" value="C:\Users\user\.m2\repository"/>
    <property name="file.separator" value="\"/>
    <property name="java.vendor.url.bug" value="http://bugreport.sun.com/bugreport/"/>
    <property name="sun.cpu.endian" value="little"/>
    <property name="sun.io.unicode.encoding" value="UnicodeLittle"/>
    <property name="sun.desktop" value="windows"/>
    <property name="sun.cpu.isalist" value="amd64"/>
  </properties>
  <testcase classname="sample.test.test.AppTest" name="testApp" time="0.001"/>
</testsuite>